!SESSION 2023-05-02 09:18:59.480 -----------------------------------------------
eclipse.buildId=4.27.0.20230309-1200
java.version=17.0.7
java.vendor=Oracle Corporation
BootLoader constants: OS=win32, ARCH=x86_64, WS=win32, NL=en_IN
Framework arguments:  -product org.eclipse.epp.package.java.product
Command-line arguments:  -os win32 -ws win32 -arch x86_64 -product org.eclipse.epp.package.java.product

!ENTRY ch.qos.logback.classic 1 0 2023-05-02 09:19:02.649
!MESSAGE Activated before the state location was initialized. Retry after the state location is initialized.

!ENTRY ch.qos.logback.classic 1 0 2023-05-02 09:19:16.702
!MESSAGE Logback config file: C:\Users\User\eclipse-workspace\Demo\.metadata\.plugins\org.eclipse.m2e.logback\logback.2.1.100.20230106-1511.xml

!ENTRY org.eclipse.jface 2 0 2023-05-02 09:19:25.958
!MESSAGE Keybinding conflicts occurred.  They may interfere with normal accelerator operation.
!SUBENTRY 1 org.eclipse.jface 2 0 2023-05-02 09:19:25.961
!MESSAGE A conflict occurred for CTRL+SHIFT+T:
Binding(CTRL+SHIFT+T,
	ParameterizedCommand(Command(org.eclipse.jdt.ui.navigate.open.type,Open Type,
		Open a type in a Java editor,
		Category(org.eclipse.ui.category.navigate,Navigate,null,true),
		WorkbenchHandlerServiceHandler("org.eclipse.jdt.ui.navigate.open.type"),
		,,true),null),
	org.eclipse.ui.defaultAcceleratorConfiguration,
	org.eclipse.ui.contexts.window,,,system)
Binding(CTRL+SHIFT+T,
	ParameterizedCommand(Command(org.eclipse.lsp4e.symbolinworkspace,Go to Symbol in Workspace,
		,
		Category(org.eclipse.lsp4e.category,Language Servers,null,true),
		WorkbenchHandlerServiceHandler("org.eclipse.lsp4e.symbolinworkspace"),
		,,true),null),
	org.eclipse.ui.defaultAcceleratorConfiguration,
	org.eclipse.ui.contexts.window,,,system)
!SUBENTRY 1 org.eclipse.jface 2 0 2023-05-02 09:19:25.961
!MESSAGE A conflict occurred for ALT+SHIFT+X R:
Binding(ALT+SHIFT+X R,
	ParameterizedCommand(Command(org.eclipse.rap.tools.launch.RAPLaunchShortcut.run,Run RAP Application,
		Run RAP Application,
		Category(org.eclipse.debug.ui.category.run,Run/Debug,Run/Debug command category,true),
		WorkbenchHandlerServiceHandler("org.eclipse.rap.tools.launch.RAPLaunchShortcut.run"),
		,,true),null),
	org.eclipse.ui.defaultAcceleratorConfiguration,
	org.eclipse.ui.contexts.window,,,system)
Binding(ALT+SHIFT+X R,
	ParameterizedCommand(Command(org.eclipse.wst.server.launchShortcut.run,Run on Server,
		Run the current selection on a server,
		Category(org.eclipse.debug.ui.category.run,Run/Debug,Run/Debug command category,true),
		WorkbenchHandlerServiceHandler("org.eclipse.wst.server.launchShortcut.run"),
		,,true),null),
	org.eclipse.ui.defaultAcceleratorConfiguration,
	org.eclipse.ui.contexts.window,,,system)
!SUBENTRY 1 org.eclipse.jface 2 0 2023-05-02 09:19:25.962
!MESSAGE A conflict occurred for ALT+SHIFT+R:
Binding(ALT+SHIFT+R,
	ParameterizedCommand(Command(org.eclipse.jdt.ui.edit.text.java.rename.element,Rename - Refactoring ,
		Rename the selected element,
		Category(org.eclipse.jdt.ui.category.refactoring,Refactor - Java,Java Refactoring Actions,true),
		WorkbenchHandlerServiceHandler("org.eclipse.jdt.ui.edit.text.java.rename.element"),
		,,true),null),
	org.eclipse.ui.defaultAcceleratorConfiguration,
	org.eclipse.ui.contexts.window,,,system)
Binding(ALT+SHIFT+R,
	ParameterizedCommand(Command(org.eclipse.ui.edit.rename,Rename,
		Rename the selected item,
		Category(org.eclipse.ui.category.file,File,null,true),
		WorkbenchHandlerServiceHandler("org.eclipse.ui.edit.rename"),
		,,true),null),
	org.eclipse.ui.defaultAcceleratorConfiguration,
	org.eclipse.ui.contexts.window,,,system)
!SUBENTRY 1 org.eclipse.jface 2 0 2023-05-02 09:19:25.962
!MESSAGE A conflict occurred for ALT+SHIFT+D R:
Binding(ALT+SHIFT+D R,
	ParameterizedCommand(Command(org.eclipse.rap.tools.launch.RAPLaunchShortcut.debug,Debug RAP Application,
		Debug RAP Application,
		Category(org.eclipse.debug.ui.category.run,Run/Debug,Run/Debug command category,true),
		WorkbenchHandlerServiceHandler("org.eclipse.rap.tools.launch.RAPLaunchShortcut.debug"),
		,,true),null),
	org.eclipse.ui.defaultAcceleratorConfiguration,
	org.eclipse.ui.contexts.window,,,system)
Binding(ALT+SHIFT+D R,
	ParameterizedCommand(Command(org.eclipse.wst.server.launchShortcut.debug,Debug on Server,
		Debug the current selection on a server,
		Category(org.eclipse.debug.ui.category.run,Run/Debug,Run/Debug command category,true),
		WorkbenchHandlerServiceHandler("org.eclipse.wst.server.launchShortcut.debug"),
		,,true),null),
	org.eclipse.ui.defaultAcceleratorConfiguration,
	org.eclipse.ui.contexts.window,,,system)

!ENTRY org.eclipse.egit.ui 2 0 2023-05-02 09:19:45.410
!MESSAGE Warning: The environment variable HOME is not set. The following directory will be used to store the Git
user global configuration and to define the default location to store repositories: 'C:\Users\User'. If this is
not correct please set the HOME environment variable and restart Eclipse. Otherwise Git for Windows and
EGit might behave differently since they see different configuration options.
This warning can be switched off on the Team > Git > Confirmations and Warnings preference page.

!ENTRY org.eclipse.m2e.core.ui 4 0 2023-05-02 09:25:33.452
!MESSAGE Failed to create project.
!STACK 0
java.util.concurrent.ExecutionException: java.lang.IllegalStateException: Process exit value was 1. Console printout:
===============================================================
[[1;34mINFO[m] Scanning for projects...
Downloading from : https://repo.maven.apache.org/maven2/org/apache/maven/plugins/maven-metadata.xml
Downloading from : https://repo.maven.apache.org/maven2/org/codehaus/mojo/maven-metadata.xml
Progress (1): 8.2/21 kBProgress (1): 8.2/21 kBProgress (1): 4.2/21 kBProgress (2): 4.2/21 kB | 8.2/14 kBProgress (2): 4.2/21 kB | 6.1/14 kB                                   Downloaded from : https://repo.maven.apache.org/maven2/org/apache/maven/plugins/maven-metadata.xml (14 kB at 18 kB/s)
Downloaded from : https://repo.maven.apache.org/maven2/org/codehaus/mojo/maven-metadata.xml (21 kB at 25 kB/s)
Downloading from : https://repo.maven.apache.org/maven2/org/apache/maven/plugins/maven-archetype-plugin/maven-metadata.xml
Progress (1): 980 B                   Downloaded from : https://repo.maven.apache.org/maven2/org/apache/maven/plugins/maven-archetype-plugin/maven-metadata.xml (980 B at 14 kB/s)
[[1;34mINFO[m] 
[[1;34mINFO[m] [1m------------------< [0;36morg.apache.maven:standalone-pom[0;1m >-------------------[m
[[1;34mINFO[m] [1mBuilding Maven Stub Project (No POM) 1[m
[[1;34mINFO[m] [1m--------------------------------[ pom ]---------------------------------[m
[[1;34mINFO[m] 
[[1;34mINFO[m] [1m>>> [0;32mmaven-archetype-plugin:3.2.1:generate[m [1m(default-cli)[0;1m > [0;1mgenerate-sources[m @ [36mstandalone-pom[0;1m >>>[m
[[1;34mINFO[m] 
[[1;34mINFO[m] [1m<<< [0;32mmaven-archetype-plugin:3.2.1:generate[m [1m(default-cli)[0;1m < [0;1mgenerate-sources[m @ [36mstandalone-pom[0;1m <<<[m
[[1;34mINFO[m] 
[[1;34mINFO[m] 
[[1;34mINFO[m] [1m--- [0;32mmaven-archetype-plugin:3.2.1:generate[m [1m(default-cli)[m @ [36mstandalone-pom[0;1m ---[m
[[1;34mINFO[m] Generating project in Interactive mode
[[1;34mINFO[m] Archetype repository not defined. Using the one from [org.apache.maven.archetypes:maven-archetype-webapp:1.4] found in catalog remote
[[1;34mINFO[m] Using property: groupId = org.jsp
[[1;34mINFO[m] Using property: artifactId = hib-demo
[[1;34mINFO[m] Using property: version = 0.0.1-SNAPSHOT
[[1;34mINFO[m] Using property: package = org.jsp.hib_demo
Confirm properties configuration:
groupId: org.jsp
artifactId: hib-demo
version: 0.0.1-SNAPSHOT
package: org.jsp.hib_demo
 Y: : [[1;34mINFO[m] ----------------------------------------------------------------------------
[[1;34mINFO[m] Using following parameters for creating project from Old (1.x) Archetype: maven-archetype-webapp:1.0
[[1;34mINFO[m] ----------------------------------------------------------------------------
[[1;34mINFO[m] Parameter: basedir, Value: C:\Users\User\eclipse-workspace\Demo
[[1;34mINFO[m] Parameter: package, Value: org.jsp.hib_demo
[[1;34mINFO[m] Parameter: groupId, Value: org.jsp
[[1;34mINFO[m] Parameter: artifactId, Value: hib-demo
[[1;34mINFO[m] Parameter: packageName, Value: org.jsp.hib_demo
[[1;34mINFO[m] Parameter: version, Value: 0.0.1-SNAPSHOT
[[1;34mINFO[m] [1m------------------------------------------------------------------------[m
[[1;34mINFO[m] [1;31mBUILD FAILURE[m
[[1;34mINFO[m] [1m------------------------------------------------------------------------[m
[[1;34mINFO[m] Total time:  15.675 s
[[1;34mINFO[m] Finished at: 2023-05-02T09:25:32-07:00
[[1;34mINFO[m] [1m------------------------------------------------------------------------[m
[[1;31mERROR[m] Failed to execute goal [32morg.apache.maven.plugins:maven-archetype-plugin:3.2.1:generate[m [1m(default-cli)[m on project [36mstandalone-pom[m: [1;31mUnable to add module to the current project as it is not of packaging type 'pom'[m -> [1m[Help 1][m
[[1;31mERROR[m] 
[[1;31mERROR[m] To see the full stack trace of the errors, re-run Maven with the [1m-e[m switch.
[[1;31mERROR[m] Re-run Maven using the [1m-X[m switch to enable full debug logging.
[[1;31mERROR[m] 
[[1;31mERROR[m] For more information about the errors and possible solutions, please read the following articles:
[[1;31mERROR[m] [1m[Help 1][m http://cwiki.apache.org/confluence/display/MAVEN/MojoFailureException

"===============================================================
	at java.base/java.util.concurrent.CompletableFuture.reportGet(CompletableFuture.java:396)
	at java.base/java.util.concurrent.CompletableFuture.get(CompletableFuture.java:2073)
	at org.eclipse.m2e.core.ui.internal.archetype.ArchetypeGenerator.createArchetypeProjects(ArchetypeGenerator.java:164)
	at org.eclipse.m2e.core.ui.internal.wizards.MavenProjectWizard$3.doCreateMavenProjects(MavenProjectWizard.java:246)
	at org.eclipse.m2e.core.ui.internal.wizards.AbstractCreateMavenProjectJob$1.doCreateMavenProjects(AbstractCreateMavenProjectJob.java:51)
	at org.eclipse.m2e.core.ui.internal.wizards.AbstractCreateMavenProjectsOperation.run(AbstractCreateMavenProjectsOperation.java:56)
	at org.eclipse.m2e.core.ui.internal.wizards.AbstractCreateMavenProjectJob.runInWorkspace(AbstractCreateMavenProjectJob.java:55)
	at org.eclipse.core.internal.resources.InternalWorkspaceJob.run(InternalWorkspaceJob.java:43)
	at org.eclipse.core.internal.jobs.Worker.run(Worker.java:63)
Caused by: java.lang.IllegalStateException: Process exit value was 1. Console printout:
===============================================================
[[1;34mINFO[m] Scanning for projects...
Downloading from : https://repo.maven.apache.org/maven2/org/apache/maven/plugins/maven-metadata.xml
Downloading from : https://repo.maven.apache.org/maven2/org/codehaus/mojo/maven-metadata.xml
Progress (1): 8.2/21 kBProgress (1): 8.2/21 kBProgress (1): 4.2/21 kBProgress (2): 4.2/21 kB | 8.2/14 kBProgress (2): 4.2/21 kB | 6.1/14 kB                                   Downloaded from : https://repo.maven.apache.org/maven2/org/apache/maven/plugins/maven-metadata.xml (14 kB at 18 kB/s)
Downloaded from : https://repo.maven.apache.org/maven2/org/codehaus/mojo/maven-metadata.xml (21 kB at 25 kB/s)
Downloading from : https://repo.maven.apache.org/maven2/org/apache/maven/plugins/maven-archetype-plugin/maven-metadata.xml
Progress (1): 980 B                   Downloaded from : https://repo.maven.apache.org/maven2/org/apache/maven/plugins/maven-archetype-plugin/maven-metadata.xml (980 B at 14 kB/s)
[[1;34mINFO[m] 
[[1;34mINFO[m] [1m------------------< [0;36morg.apache.maven:standalone-pom[0;1m >-------------------[m
[[1;34mINFO[m] [1mBuilding Maven Stub Project (No POM) 1[m
[[1;34mINFO[m] [1m--------------------------------[ pom ]---------------------------------[m
[[1;34mINFO[m] 
[[1;34mINFO[m] [1m>>> [0;32mmaven-archetype-plugin:3.2.1:generate[m [1m(default-cli)[0;1m > [0;1mgenerate-sources[m @ [36mstandalone-pom[0;1m >>>[m
[[1;34mINFO[m] 
[[1;34mINFO[m] [1m<<< [0;32mmaven-archetype-plugin:3.2.1:generate[m [1m(default-cli)[0;1m < [0;1mgenerate-sources[m @ [36mstandalone-pom[0;1m <<<[m
[[1;34mINFO[m] 
[[1;34mINFO[m] 
[[1;34mINFO[m] [1m--- [0;32mmaven-archetype-plugin:3.2.1:generate[m [1m(default-cli)[m @ [36mstandalone-pom[0;1m ---[m
[[1;34mINFO[m] Generating project in Interactive mode
[[1;34mINFO[m] Archetype repository not defined. Using the one from [org.apache.maven.archetypes:maven-archetype-webapp:1.4] found in catalog remote
[[1;34mINFO[m] Using property: groupId = org.jsp
[[1;34mINFO[m] Using property: artifactId = hib-demo
[[1;34mINFO[m] Using property: version = 0.0.1-SNAPSHOT
[[1;34mINFO[m] Using property: package = org.jsp.hib_demo
Confirm properties configuration:
groupId: org.jsp
artifactId: hib-demo
version: 0.0.1-SNAPSHOT
package: org.jsp.hib_demo
 Y: : [[1;34mINFO[m] ----------------------------------------------------------------------------
[[1;34mINFO[m] Using following parameters for creating project from Old (1.x) Archetype: maven-archetype-webapp:1.0
[[1;34mINFO[m] ----------------------------------------------------------------------------
[[1;34mINFO[m] Parameter: basedir, Value: C:\Users\User\eclipse-workspace\Demo
[[1;34mINFO[m] Parameter: package, Value: org.jsp.hib_demo
[[1;34mINFO[m] Parameter: groupId, Value: org.jsp
[[1;34mINFO[m] Parameter: artifactId, Value: hib-demo
[[1;34mINFO[m] Parameter: packageName, Value: org.jsp.hib_demo
[[1;34mINFO[m] Parameter: version, Value: 0.0.1-SNAPSHOT
[[1;34mINFO[m] [1m------------------------------------------------------------------------[m
[[1;34mINFO[m] [1;31mBUILD FAILURE[m
[[1;34mINFO[m] [1m------------------------------------------------------------------------[m
[[1;34mINFO[m] Total time:  15.675 s
[[1;34mINFO[m] Finished at: 2023-05-02T09:25:32-07:00
[[1;34mINFO[m] [1m------------------------------------------------------------------------[m
[[1;31mERROR[m] Failed to execute goal [32morg.apache.maven.plugins:maven-archetype-plugin:3.2.1:generate[m [1m(default-cli)[m on project [36mstandalone-pom[m: [1;31mUnable to add module to the current project as it is not of packaging type 'pom'[m -> [1m[Help 1][m
[[1;31mERROR[m] 
[[1;31mERROR[m] To see the full stack trace of the errors, re-run Maven with the [1m-e[m switch.
[[1;31mERROR[m] Re-run Maven using the [1m-X[m switch to enable full debug logging.
[[1;31mERROR[m] 
[[1;31mERROR[m] For more information about the errors and possible solutions, please read the following articles:
[[1;31mERROR[m] [1m[Help 1][m http://cwiki.apache.org/confluence/display/MAVEN/MojoFailureException

"===============================================================
	at org.eclipse.m2e.internal.launch.EclipseMavenLauncher$1.lambda$4(EclipseMavenLauncher.java:120)
	at java.base/java.util.Optional.ifPresent(Optional.java:178)
	at org.eclipse.m2e.internal.launch.EclipseMavenLauncher$1.launchesTerminated(EclipseMavenLauncher.java:107)
	at org.eclipse.debug.internal.core.LaunchManager$LaunchesNotifier.run(LaunchManager.java:305)
	at org.eclipse.core.runtime.SafeRunner.run(SafeRunner.java:45)
	at org.eclipse.debug.internal.core.LaunchManager$LaunchesNotifier.notify(LaunchManager.java:262)
	at org.eclipse.debug.internal.core.LaunchManager.fireUpdate(LaunchManager.java:1057)
	at org.eclipse.debug.core.Launch.fireTerminate(Launch.java:479)
	at org.eclipse.debug.core.Launch.handleDebugEvents(Launch.java:644)
	at org.eclipse.debug.core.DebugPlugin$EventNotifier.run(DebugPlugin.java:1226)
	at org.eclipse.core.runtime.SafeRunner.run(SafeRunner.java:45)
	at org.eclipse.debug.core.DebugPlugin$EventNotifier.dispatch(DebugPlugin.java:1260)
	at org.eclipse.debug.core.DebugPlugin$EventDispatchJob.run(DebugPlugin.java:492)
	... 1 more

!ENTRY org.eclipse.m2e.core.ui 4 0 2023-05-02 09:26:21.107
!MESSAGE Failed to create project.
!STACK 0
java.util.concurrent.ExecutionException: java.lang.IllegalStateException: Process exit value was 1. Console printout:
===============================================================
[[1;34mINFO[m] Scanning for projects...
Downloading from : https://repo.maven.apache.org/maven2/org/codehaus/mojo/maven-metadata.xml
Downloading from : https://repo.maven.apache.org/maven2/org/apache/maven/plugins/maven-metadata.xml
Progress (1): 8.2/14 kBProgress (1): 0.2/14 kBProgress (1): 5.9/14 kBProgress (2): 5.9/14 kB | 8.2/21 kBProgress (2): 5.9/14 kB | 4.4/21 kBProgress (2): 5.9/14 kB | 2.9/21 kBProgress (2): 5.9/14 kB | 1.4/21 kBProgress (2): 5.9/14 kB | 3.7/21 kB                                   Downloaded from : https://repo.maven.apache.org/maven2/org/apache/maven/plugins/maven-metadata.xml (14 kB at 21 kB/s)
Downloaded from : https://repo.maven.apache.org/maven2/org/codehaus/mojo/maven-metadata.xml (21 kB at 30 kB/s)
Downloading from : https://repo.maven.apache.org/maven2/org/apache/maven/plugins/maven-archetype-plugin/maven-metadata.xml
Progress (1): 980 B                   Downloaded from : https://repo.maven.apache.org/maven2/org/apache/maven/plugins/maven-archetype-plugin/maven-metadata.xml (980 B at 13 kB/s)
[[1;34mINFO[m] 
[[1;34mINFO[m] [1m------------------< [0;36morg.apache.maven:standalone-pom[0;1m >-------------------[m
[[1;34mINFO[m] [1mBuilding Maven Stub Project (No POM) 1[m
[[1;34mINFO[m] [1m--------------------------------[ pom ]---------------------------------[m
[[1;34mINFO[m] 
[[1;34mINFO[m] [1m>>> [0;32mmaven-archetype-plugin:3.2.1:generate[m [1m(default-cli)[0;1m > [0;1mgenerate-sources[m @ [36mstandalone-pom[0;1m >>>[m
[[1;34mINFO[m] 
[[1;34mINFO[m] [1m<<< [0;32mmaven-archetype-plugin:3.2.1:generate[m [1m(default-cli)[0;1m < [0;1mgenerate-sources[m @ [36mstandalone-pom[0;1m <<<[m
[[1;34mINFO[m] 
[[1;34mINFO[m] 
[[1;34mINFO[m] [1m--- [0;32mmaven-archetype-plugin:3.2.1:generate[m [1m(default-cli)[m @ [36mstandalone-pom[0;1m ---[m
[[1;34mINFO[m] Generating project in Interactive mode
[[1;34mINFO[m] Archetype repository not defined. Using the one from [org.apache.maven.archetypes:maven-archetype-webapp:1.4] found in catalog remote
[[1;34mINFO[m] Using property: groupId = org.jsp
[[1;34mINFO[m] Using property: artifactId = hib-demo
[[1;34mINFO[m] Using property: version = 0.0.1-SNAPSHOT
[[1;34mINFO[m] Using property: package = org.jsp.hib_demo
Confirm properties configuration:
groupId: org.jsp
artifactId: hib-demo
version: 0.0.1-SNAPSHOT
package: org.jsp.hib_demo
 Y: : [[1;34mINFO[m] ----------------------------------------------------------------------------
[[1;34mINFO[m] Using following parameters for creating project from Old (1.x) Archetype: maven-archetype-webapp:1.0
[[1;34mINFO[m] ----------------------------------------------------------------------------
[[1;34mINFO[m] Parameter: basedir, Value: C:\Users\User\eclipse-workspace\Demo
[[1;34mINFO[m] Parameter: package, Value: org.jsp.hib_demo
[[1;34mINFO[m] Parameter: groupId, Value: org.jsp
[[1;34mINFO[m] Parameter: artifactId, Value: hib-demo
[[1;34mINFO[m] Parameter: packageName, Value: org.jsp.hib_demo
[[1;34mINFO[m] Parameter: version, Value: 0.0.1-SNAPSHOT
[[1;34mINFO[m] [1m------------------------------------------------------------------------[m
[[1;34mINFO[m] [1;31mBUILD FAILURE[m
[[1;34mINFO[m] [1m------------------------------------------------------------------------[m
[[1;34mINFO[m] Total time:  15.404 s
[[1;34mINFO[m] Finished at: 2023-05-02T09:26:20-07:00
[[1;34mINFO[m] [1m------------------------------------------------------------------------[m
[[1;31mERROR[m] Failed to execute goal [32morg.apache.maven.plugins:maven-archetype-plugin:3.2.1:generate[m [1m(default-cli)[m on project [36mstandalone-pom[m: [1;31mUnable to add module to the current project as it is not of packaging type 'pom'[m -> [1m[Help 1][m
[[1;31mERROR[m] 
[[1;31mERROR[m] To see the full stack trace of the errors, re-run Maven with the [1m-e[m switch.
[[1;31mERROR[m] Re-run Maven using the [1m-X[m switch to enable full debug logging.
[[1;31mERROR[m] 
[[1;31mERROR[m] For more information about the errors and possible solutions, please read the following articles:
[[1;31mERROR[m] [1m[Help 1][m http://cwiki.apache.org/confluence/display/MAVEN/MojoFailureException

"===============================================================
	at java.base/java.util.concurrent.CompletableFuture.reportGet(CompletableFuture.java:396)
	at java.base/java.util.concurrent.CompletableFuture.get(CompletableFuture.java:2073)
	at org.eclipse.m2e.core.ui.internal.archetype.ArchetypeGenerator.createArchetypeProjects(ArchetypeGenerator.java:164)
	at org.eclipse.m2e.core.ui.internal.wizards.MavenProjectWizard$3.doCreateMavenProjects(MavenProjectWizard.java:246)
	at org.eclipse.m2e.core.ui.internal.wizards.AbstractCreateMavenProjectJob$1.doCreateMavenProjects(AbstractCreateMavenProjectJob.java:51)
	at org.eclipse.m2e.core.ui.internal.wizards.AbstractCreateMavenProjectsOperation.run(AbstractCreateMavenProjectsOperation.java:56)
	at org.eclipse.m2e.core.ui.internal.wizards.AbstractCreateMavenProjectJob.runInWorkspace(AbstractCreateMavenProjectJob.java:55)
	at org.eclipse.core.internal.resources.InternalWorkspaceJob.run(InternalWorkspaceJob.java:43)
	at org.eclipse.core.internal.jobs.Worker.run(Worker.java:63)
Caused by: java.lang.IllegalStateException: Process exit value was 1. Console printout:
===============================================================
[[1;34mINFO[m] Scanning for projects...
Downloading from : https://repo.maven.apache.org/maven2/org/codehaus/mojo/maven-metadata.xml
Downloading from : https://repo.maven.apache.org/maven2/org/apache/maven/plugins/maven-metadata.xml
Progress (1): 8.2/14 kBProgress (1): 0.2/14 kBProgress (1): 5.9/14 kBProgress (2): 5.9/14 kB | 8.2/21 kBProgress (2): 5.9/14 kB | 4.4/21 kBProgress (2): 5.9/14 kB | 2.9/21 kBProgress (2): 5.9/14 kB | 1.4/21 kBProgress (2): 5.9/14 kB | 3.7/21 kB                                   Downloaded from : https://repo.maven.apache.org/maven2/org/apache/maven/plugins/maven-metadata.xml (14 kB at 21 kB/s)
Downloaded from : https://repo.maven.apache.org/maven2/org/codehaus/mojo/maven-metadata.xml (21 kB at 30 kB/s)
Downloading from : https://repo.maven.apache.org/maven2/org/apache/maven/plugins/maven-archetype-plugin/maven-metadata.xml
Progress (1): 980 B                   Downloaded from : https://repo.maven.apache.org/maven2/org/apache/maven/plugins/maven-archetype-plugin/maven-metadata.xml (980 B at 13 kB/s)
[[1;34mINFO[m] 
[[1;34mINFO[m] [1m------------------< [0;36morg.apache.maven:standalone-pom[0;1m >-------------------[m
[[1;34mINFO[m] [1mBuilding Maven Stub Project (No POM) 1[m
[[1;34mINFO[m] [1m--------------------------------[ pom ]---------------------------------[m
[[1;34mINFO[m] 
[[1;34mINFO[m] [1m>>> [0;32mmaven-archetype-plugin:3.2.1:generate[m [1m(default-cli)[0;1m > [0;1mgenerate-sources[m @ [36mstandalone-pom[0;1m >>>[m
[[1;34mINFO[m] 
[[1;34mINFO[m] [1m<<< [0;32mmaven-archetype-plugin:3.2.1:generate[m [1m(default-cli)[0;1m < [0;1mgenerate-sources[m @ [36mstandalone-pom[0;1m <<<[m
[[1;34mINFO[m] 
[[1;34mINFO[m] 
[[1;34mINFO[m] [1m--- [0;32mmaven-archetype-plugin:3.2.1:generate[m [1m(default-cli)[m @ [36mstandalone-pom[0;1m ---[m
[[1;34mINFO[m] Generating project in Interactive mode
[[1;34mINFO[m] Archetype repository not defined. Using the one from [org.apache.maven.archetypes:maven-archetype-webapp:1.4] found in catalog remote
[[1;34mINFO[m] Using property: groupId = org.jsp
[[1;34mINFO[m] Using property: artifactId = hib-demo
[[1;34mINFO[m] Using property: version = 0.0.1-SNAPSHOT
[[1;34mINFO[m] Using property: package = org.jsp.hib_demo
Confirm properties configuration:
groupId: org.jsp
artifactId: hib-demo
version: 0.0.1-SNAPSHOT
package: org.jsp.hib_demo
 Y: : [[1;34mINFO[m] ----------------------------------------------------------------------------
[[1;34mINFO[m] Using following parameters for creating project from Old (1.x) Archetype: maven-archetype-webapp:1.0
[[1;34mINFO[m] ----------------------------------------------------------------------------
[[1;34mINFO[m] Parameter: basedir, Value: C:\Users\User\eclipse-workspace\Demo
[[1;34mINFO[m] Parameter: package, Value: org.jsp.hib_demo
[[1;34mINFO[m] Parameter: groupId, Value: org.jsp
[[1;34mINFO[m] Parameter: artifactId, Value: hib-demo
[[1;34mINFO[m] Parameter: packageName, Value: org.jsp.hib_demo
[[1;34mINFO[m] Parameter: version, Value: 0.0.1-SNAPSHOT
[[1;34mINFO[m] [1m------------------------------------------------------------------------[m
[[1;34mINFO[m] [1;31mBUILD FAILURE[m
[[1;34mINFO[m] [1m------------------------------------------------------------------------[m
[[1;34mINFO[m] Total time:  15.404 s
[[1;34mINFO[m] Finished at: 2023-05-02T09:26:20-07:00
[[1;34mINFO[m] [1m------------------------------------------------------------------------[m
[[1;31mERROR[m] Failed to execute goal [32morg.apache.maven.plugins:maven-archetype-plugin:3.2.1:generate[m [1m(default-cli)[m on project [36mstandalone-pom[m: [1;31mUnable to add module to the current project as it is not of packaging type 'pom'[m -> [1m[Help 1][m
[[1;31mERROR[m] 
[[1;31mERROR[m] To see the full stack trace of the errors, re-run Maven with the [1m-e[m switch.
[[1;31mERROR[m] Re-run Maven using the [1m-X[m switch to enable full debug logging.
[[1;31mERROR[m] 
[[1;31mERROR[m] For more information about the errors and possible solutions, please read the following articles:
[[1;31mERROR[m] [1m[Help 1][m http://cwiki.apache.org/confluence/display/MAVEN/MojoFailureException

"===============================================================
	at org.eclipse.m2e.internal.launch.EclipseMavenLauncher$1.lambda$4(EclipseMavenLauncher.java:120)
	at java.base/java.util.Optional.ifPresent(Optional.java:178)
	at org.eclipse.m2e.internal.launch.EclipseMavenLauncher$1.launchesTerminated(EclipseMavenLauncher.java:107)
	at org.eclipse.debug.internal.core.LaunchManager$LaunchesNotifier.run(LaunchManager.java:305)
	at org.eclipse.core.runtime.SafeRunner.run(SafeRunner.java:45)
	at org.eclipse.debug.internal.core.LaunchManager$LaunchesNotifier.notify(LaunchManager.java:262)
	at org.eclipse.debug.internal.core.LaunchManager.fireUpdate(LaunchManager.java:1057)
	at org.eclipse.debug.core.Launch.fireTerminate(Launch.java:479)
	at org.eclipse.debug.core.Launch.handleDebugEvents(Launch.java:644)
	at org.eclipse.debug.core.DebugPlugin$EventNotifier.run(DebugPlugin.java:1226)
	at org.eclipse.core.runtime.SafeRunner.run(SafeRunner.java:45)
	at org.eclipse.debug.core.DebugPlugin$EventNotifier.dispatch(DebugPlugin.java:1260)
	at org.eclipse.debug.core.DebugPlugin$EventDispatchJob.run(DebugPlugin.java:492)
	... 1 more

!ENTRY org.eclipse.m2e.core.ui 4 0 2023-05-02 09:32:21.286
!MESSAGE Failed to create project.
!STACK 0
java.util.concurrent.ExecutionException: java.lang.IllegalStateException: Process exit value was 1. Console printout:
===============================================================
[[1;34mINFO[m] Scanning for projects...
Downloading from : https://repo.maven.apache.org/maven2/org/codehaus/mojo/maven-metadata.xml
Downloading from : https://repo.maven.apache.org/maven2/org/apache/maven/plugins/maven-metadata.xml
Progress (1): 1.4/21 kBProgress (1): 8.2/21 kBProgress (1): 8.2/21 kBProgress (2): 8.2/21 kB | 8.2/14 kBProgress (2): 8.2/21 kB | 6.1/14 kBProgress (2): 2.8/21 kB | 6.1/14 kB                                   Downloaded from : https://repo.maven.apache.org/maven2/org/apache/maven/plugins/maven-metadata.xml (14 kB at 20 kB/s)
Downloaded from : https://repo.maven.apache.org/maven2/org/codehaus/mojo/maven-metadata.xml (21 kB at 29 kB/s)
Downloading from : https://repo.maven.apache.org/maven2/org/apache/maven/plugins/maven-archetype-plugin/maven-metadata.xml
Progress (1): 980 B                   Downloaded from : https://repo.maven.apache.org/maven2/org/apache/maven/plugins/maven-archetype-plugin/maven-metadata.xml (980 B at 15 kB/s)
[[1;34mINFO[m] 
[[1;34mINFO[m] [1m------------------< [0;36morg.apache.maven:standalone-pom[0;1m >-------------------[m
[[1;34mINFO[m] [1mBuilding Maven Stub Project (No POM) 1[m
[[1;34mINFO[m] [1m--------------------------------[ pom ]---------------------------------[m
[[1;34mINFO[m] 
[[1;34mINFO[m] [1m>>> [0;32mmaven-archetype-plugin:3.2.1:generate[m [1m(default-cli)[0;1m > [0;1mgenerate-sources[m @ [36mstandalone-pom[0;1m >>>[m
[[1;34mINFO[m] 
[[1;34mINFO[m] [1m<<< [0;32mmaven-archetype-plugin:3.2.1:generate[m [1m(default-cli)[0;1m < [0;1mgenerate-sources[m @ [36mstandalone-pom[0;1m <<<[m
[[1;34mINFO[m] 
[[1;34mINFO[m] 
[[1;34mINFO[m] [1m--- [0;32mmaven-archetype-plugin:3.2.1:generate[m [1m(default-cli)[m @ [36mstandalone-pom[0;1m ---[m
[[1;34mINFO[m] Generating project in Interactive mode
[[1;34mINFO[m] Archetype repository not defined. Using the one from [org.apache.maven.archetypes:maven-archetype-webapp:1.4] found in catalog remote
[[1;34mINFO[m] Using property: groupId = org.jsp
[[1;34mINFO[m] Using property: artifactId = hibernet-demo
[[1;34mINFO[m] Using property: version = 0.0.1-SNAPSHOT
[[1;34mINFO[m] Using property: package = org.jsp.hibernet_demo
Confirm properties configuration:
groupId: org.jsp
artifactId: hibernet-demo
version: 0.0.1-SNAPSHOT
package: org.jsp.hibernet_demo
 Y: : [[1;34mINFO[m] ----------------------------------------------------------------------------
[[1;34mINFO[m] Using following parameters for creating project from Archetype: maven-archetype-webapp:1.4
[[1;34mINFO[m] ----------------------------------------------------------------------------
[[1;34mINFO[m] Parameter: groupId, Value: org.jsp
[[1;34mINFO[m] Parameter: artifactId, Value: hibernet-demo
[[1;34mINFO[m] Parameter: version, Value: 0.0.1-SNAPSHOT
[[1;34mINFO[m] Parameter: package, Value: org.jsp.hibernet_demo
[[1;34mINFO[m] Parameter: packageInPathFormat, Value: org/jsp/hibernet_demo
[[1;34mINFO[m] Parameter: package, Value: org.jsp.hibernet_demo
[[1;34mINFO[m] Parameter: groupId, Value: org.jsp
[[1;34mINFO[m] Parameter: artifactId, Value: hibernet-demo
[[1;34mINFO[m] Parameter: version, Value: 0.0.1-SNAPSHOT
[[1;34mINFO[m] [1m------------------------------------------------------------------------[m
[[1;34mINFO[m] [1;31mBUILD FAILURE[m
[[1;34mINFO[m] [1m------------------------------------------------------------------------[m
[[1;34mINFO[m] Total time:  20.058 s
[[1;34mINFO[m] Finished at: 2023-05-02T09:32:20-07:00
[[1;34mINFO[m] [1m------------------------------------------------------------------------[m
[[1;31mERROR[m] Failed to execute goal [32morg.apache.maven.plugins:maven-archetype-plugin:3.2.1:generate[m [1m(default-cli)[m on project [36mstandalone-pom[m: [1;31mUnable to add module to the current project as it is not of packaging type 'pom'[m -> [1m[Help 1][m
[[1;31mERROR[m] 
[[1;31mERROR[m] To see the full stack trace of the errors, re-run Maven with the [1m-e[m switch.
[[1;31mERROR[m] Re-run Maven using the [1m-X[m switch to enable full debug logging.
[[1;31mERROR[m] 
[[1;31mERROR[m] For more information about the errors and possible solutions, please read the following articles:
[[1;31mERROR[m] [1m[Help 1][m http://cwiki.apache.org/confluence/display/MAVEN/MojoFailureException

"===============================================================
	at java.base/java.util.concurrent.CompletableFuture.reportGet(CompletableFuture.java:396)
	at java.base/java.util.concurrent.CompletableFuture.get(CompletableFuture.java:2073)
	at org.eclipse.m2e.core.ui.internal.archetype.ArchetypeGenerator.createArchetypeProjects(ArchetypeGenerator.java:164)
	at org.eclipse.m2e.core.ui.internal.wizards.MavenProjectWizard$3.doCreateMavenProjects(MavenProjectWizard.java:246)
	at org.eclipse.m2e.core.ui.internal.wizards.AbstractCreateMavenProjectJob$1.doCreateMavenProjects(AbstractCreateMavenProjectJob.java:51)
	at org.eclipse.m2e.core.ui.internal.wizards.AbstractCreateMavenProjectsOperation.run(AbstractCreateMavenProjectsOperation.java:56)
	at org.eclipse.m2e.core.ui.internal.wizards.AbstractCreateMavenProjectJob.runInWorkspace(AbstractCreateMavenProjectJob.java:55)
	at org.eclipse.core.internal.resources.InternalWorkspaceJob.run(InternalWorkspaceJob.java:43)
	at org.eclipse.core.internal.jobs.Worker.run(Worker.java:63)
Caused by: java.lang.IllegalStateException: Process exit value was 1. Console printout:
===============================================================
[[1;34mINFO[m] Scanning for projects...
Downloading from : https://repo.maven.apache.org/maven2/org/codehaus/mojo/maven-metadata.xml
Downloading from : https://repo.maven.apache.org/maven2/org/apache/maven/plugins/maven-metadata.xml
Progress (1): 1.4/21 kBProgress (1): 8.2/21 kBProgress (1): 8.2/21 kBProgress (2): 8.2/21 kB | 8.2/14 kBProgress (2): 8.2/21 kB | 6.1/14 kBProgress (2): 2.8/21 kB | 6.1/14 kB                                   Downloaded from : https://repo.maven.apache.org/maven2/org/apache/maven/plugins/maven-metadata.xml (14 kB at 20 kB/s)
Downloaded from : https://repo.maven.apache.org/maven2/org/codehaus/mojo/maven-metadata.xml (21 kB at 29 kB/s)
Downloading from : https://repo.maven.apache.org/maven2/org/apache/maven/plugins/maven-archetype-plugin/maven-metadata.xml
Progress (1): 980 B                   Downloaded from : https://repo.maven.apache.org/maven2/org/apache/maven/plugins/maven-archetype-plugin/maven-metadata.xml (980 B at 15 kB/s)
[[1;34mINFO[m] 
[[1;34mINFO[m] [1m------------------< [0;36morg.apache.maven:standalone-pom[0;1m >-------------------[m
[[1;34mINFO[m] [1mBuilding Maven Stub Project (No POM) 1[m
[[1;34mINFO[m] [1m--------------------------------[ pom ]---------------------------------[m
[[1;34mINFO[m] 
[[1;34mINFO[m] [1m>>> [0;32mmaven-archetype-plugin:3.2.1:generate[m [1m(default-cli)[0;1m > [0;1mgenerate-sources[m @ [36mstandalone-pom[0;1m >>>[m
[[1;34mINFO[m] 
[[1;34mINFO[m] [1m<<< [0;32mmaven-archetype-plugin:3.2.1:generate[m [1m(default-cli)[0;1m < [0;1mgenerate-sources[m @ [36mstandalone-pom[0;1m <<<[m
[[1;34mINFO[m] 
[[1;34mINFO[m] 
[[1;34mINFO[m] [1m--- [0;32mmaven-archetype-plugin:3.2.1:generate[m [1m(default-cli)[m @ [36mstandalone-pom[0;1m ---[m
[[1;34mINFO[m] Generating project in Interactive mode
[[1;34mINFO[m] Archetype repository not defined. Using the one from [org.apache.maven.archetypes:maven-archetype-webapp:1.4] found in catalog remote
[[1;34mINFO[m] Using property: groupId = org.jsp
[[1;34mINFO[m] Using property: artifactId = hibernet-demo
[[1;34mINFO[m] Using property: version = 0.0.1-SNAPSHOT
[[1;34mINFO[m] Using property: package = org.jsp.hibernet_demo
Confirm properties configuration:
groupId: org.jsp
artifactId: hibernet-demo
version: 0.0.1-SNAPSHOT
package: org.jsp.hibernet_demo
 Y: : [[1;34mINFO[m] ----------------------------------------------------------------------------
[[1;34mINFO[m] Using following parameters for creating project from Archetype: maven-archetype-webapp:1.4
[[1;34mINFO[m] ----------------------------------------------------------------------------
[[1;34mINFO[m] Parameter: groupId, Value: org.jsp
[[1;34mINFO[m] Parameter: artifactId, Value: hibernet-demo
[[1;34mINFO[m] Parameter: version, Value: 0.0.1-SNAPSHOT
[[1;34mINFO[m] Parameter: package, Value: org.jsp.hibernet_demo
[[1;34mINFO[m] Parameter: packageInPathFormat, Value: org/jsp/hibernet_demo
[[1;34mINFO[m] Parameter: package, Value: org.jsp.hibernet_demo
[[1;34mINFO[m] Parameter: groupId, Value: org.jsp
[[1;34mINFO[m] Parameter: artifactId, Value: hibernet-demo
[[1;34mINFO[m] Parameter: version, Value: 0.0.1-SNAPSHOT
[[1;34mINFO[m] [1m------------------------------------------------------------------------[m
[[1;34mINFO[m] [1;31mBUILD FAILURE[m
[[1;34mINFO[m] [1m------------------------------------------------------------------------[m
[[1;34mINFO[m] Total time:  20.058 s
[[1;34mINFO[m] Finished at: 2023-05-02T09:32:20-07:00
[[1;34mINFO[m] [1m------------------------------------------------------------------------[m
[[1;31mERROR[m] Failed to execute goal [32morg.apache.maven.plugins:maven-archetype-plugin:3.2.1:generate[m [1m(default-cli)[m on project [36mstandalone-pom[m: [1;31mUnable to add module to the current project as it is not of packaging type 'pom'[m -> [1m[Help 1][m
[[1;31mERROR[m] 
[[1;31mERROR[m] To see the full stack trace of the errors, re-run Maven with the [1m-e[m switch.
[[1;31mERROR[m] Re-run Maven using the [1m-X[m switch to enable full debug logging.
[[1;31mERROR[m] 
[[1;31mERROR[m] For more information about the errors and possible solutions, please read the following articles:
[[1;31mERROR[m] [1m[Help 1][m http://cwiki.apache.org/confluence/display/MAVEN/MojoFailureException

"===============================================================
	at org.eclipse.m2e.internal.launch.EclipseMavenLauncher$1.lambda$4(EclipseMavenLauncher.java:120)
	at java.base/java.util.Optional.ifPresent(Optional.java:178)
	at org.eclipse.m2e.internal.launch.EclipseMavenLauncher$1.launchesTerminated(EclipseMavenLauncher.java:107)
	at org.eclipse.debug.internal.core.LaunchManager$LaunchesNotifier.run(LaunchManager.java:305)
	at org.eclipse.core.runtime.SafeRunner.run(SafeRunner.java:45)
	at org.eclipse.debug.internal.core.LaunchManager$LaunchesNotifier.notify(LaunchManager.java:262)
	at org.eclipse.debug.internal.core.LaunchManager.fireUpdate(LaunchManager.java:1057)
	at org.eclipse.debug.core.Launch.fireTerminate(Launch.java:479)
	at org.eclipse.debug.core.Launch.handleDebugEvents(Launch.java:644)
	at org.eclipse.debug.core.DebugPlugin$EventNotifier.run(DebugPlugin.java:1226)
	at org.eclipse.core.runtime.SafeRunner.run(SafeRunner.java:45)
	at org.eclipse.debug.core.DebugPlugin$EventNotifier.dispatch(DebugPlugin.java:1260)
	at org.eclipse.debug.core.DebugPlugin$EventDispatchJob.run(DebugPlugin.java:492)
	... 1 more

!ENTRY org.eclipse.m2e.core.ui 4 0 2023-05-02 09:37:07.378
!MESSAGE Failed to create project.
!STACK 0
java.util.concurrent.ExecutionException: java.lang.IllegalStateException: Process exit value was 1. Console printout:
===============================================================
[[1;34mINFO[m] Scanning for projects...
Downloading from : https://repo.maven.apache.org/maven2/org/apache/maven/plugins/maven-metadata.xml
Downloading from : https://repo.maven.apache.org/maven2/org/codehaus/mojo/maven-metadata.xml
Progress (1): 8.2/21 kBProgress (1): 8.2/21 kBProgress (1): 4.2/21 kBProgress (2): 4.2/21 kB | 8.2/14 kBProgress (2): 4.2/21 kB | 6.1/14 kB                                   Downloaded from : https://repo.maven.apache.org/maven2/org/apache/maven/plugins/maven-metadata.xml (14 kB at 22 kB/s)
Downloaded from : https://repo.maven.apache.org/maven2/org/codehaus/mojo/maven-metadata.xml (21 kB at 31 kB/s)
Downloading from : https://repo.maven.apache.org/maven2/org/apache/maven/plugins/maven-archetype-plugin/maven-metadata.xml
Progress (1): 980 B                   Downloaded from : https://repo.maven.apache.org/maven2/org/apache/maven/plugins/maven-archetype-plugin/maven-metadata.xml (980 B at 21 kB/s)
[[1;34mINFO[m] 
[[1;34mINFO[m] [1m------------------< [0;36morg.apache.maven:standalone-pom[0;1m >-------------------[m
[[1;34mINFO[m] [1mBuilding Maven Stub Project (No POM) 1[m
[[1;34mINFO[m] [1m--------------------------------[ pom ]---------------------------------[m
[[1;34mINFO[m] 
[[1;34mINFO[m] [1m>>> [0;32mmaven-archetype-plugin:3.2.1:generate[m [1m(default-cli)[0;1m > [0;1mgenerate-sources[m @ [36mstandalone-pom[0;1m >>>[m
[[1;34mINFO[m] 
[[1;34mINFO[m] [1m<<< [0;32mmaven-archetype-plugin:3.2.1:generate[m [1m(default-cli)[0;1m < [0;1mgenerate-sources[m @ [36mstandalone-pom[0;1m <<<[m
[[1;34mINFO[m] 
[[1;34mINFO[m] 
[[1;34mINFO[m] [1m--- [0;32mmaven-archetype-plugin:3.2.1:generate[m [1m(default-cli)[m @ [36mstandalone-pom[0;1m ---[m
[[1;34mINFO[m] Generating project in Interactive mode
[[1;34mINFO[m] Archetype repository not defined. Using the one from [org.apache.maven.archetypes:maven-archetype-webapp:1.4] found in catalog remote
[[1;34mINFO[m] Using property: groupId = org.jsp
[[1;34mINFO[m] Using property: artifactId = Demo
[[1;34mINFO[m] Using property: version = 0.0.1-SNAPSHOT
[[1;34mINFO[m] Using property: package = org.jsp.Demo
Confirm properties configuration:
groupId: org.jsp
artifactId: Demo
version: 0.0.1-SNAPSHOT
package: org.jsp.Demo
 Y: : [[1;34mINFO[m] ----------------------------------------------------------------------------
[[1;34mINFO[m] Using following parameters for creating project from Archetype: maven-archetype-webapp:1.4
[[1;34mINFO[m] ----------------------------------------------------------------------------
[[1;34mINFO[m] Parameter: groupId, Value: org.jsp
[[1;34mINFO[m] Parameter: artifactId, Value: Demo
[[1;34mINFO[m] Parameter: version, Value: 0.0.1-SNAPSHOT
[[1;34mINFO[m] Parameter: package, Value: org.jsp.Demo
[[1;34mINFO[m] Parameter: packageInPathFormat, Value: org/jsp/Demo
[[1;34mINFO[m] Parameter: package, Value: org.jsp.Demo
[[1;34mINFO[m] Parameter: groupId, Value: org.jsp
[[1;34mINFO[m] Parameter: artifactId, Value: Demo
[[1;34mINFO[m] Parameter: version, Value: 0.0.1-SNAPSHOT
[[1;34mINFO[m] [1m------------------------------------------------------------------------[m
[[1;34mINFO[m] [1;31mBUILD FAILURE[m
[[1;34mINFO[m] [1m------------------------------------------------------------------------[m
[[1;34mINFO[m] Total time:  01:15 min
[[1;34mINFO[m] Finished at: 2023-05-02T09:37:06-07:00
[[1;34mINFO[m] [1m------------------------------------------------------------------------[m
[[1;31mERROR[m] Failed to execute goal [32morg.apache.maven.plugins:maven-archetype-plugin:3.2.1:generate[m [1m(default-cli)[m on project [36mstandalone-pom[m: [1;31mUnable to add module to the current project as it is not of packaging type 'pom'[m -> [1m[Help 1][m
[[1;31mERROR[m] 
[[1;31mERROR[m] To see the full stack trace of the errors, re-run Maven with the [1m-e[m switch.
[[1;31mERROR[m] Re-run Maven using the [1m-X[m switch to enable full debug logging.
[[1;31mERROR[m] 
[[1;31mERROR[m] For more information about the errors and possible solutions, please read the following articles:
[[1;31mERROR[m] [1m[Help 1][m http://cwiki.apache.org/confluence/display/MAVEN/MojoFailureException

"===============================================================
	at java.base/java.util.concurrent.CompletableFuture.reportGet(CompletableFuture.java:396)
	at java.base/java.util.concurrent.CompletableFuture.get(CompletableFuture.java:2073)
	at org.eclipse.m2e.core.ui.internal.archetype.ArchetypeGenerator.createArchetypeProjects(ArchetypeGenerator.java:164)
	at org.eclipse.m2e.core.ui.internal.wizards.MavenProjectWizard$3.doCreateMavenProjects(MavenProjectWizard.java:246)
	at org.eclipse.m2e.core.ui.internal.wizards.AbstractCreateMavenProjectJob$1.doCreateMavenProjects(AbstractCreateMavenProjectJob.java:51)
	at org.eclipse.m2e.core.ui.internal.wizards.AbstractCreateMavenProjectsOperation.run(AbstractCreateMavenProjectsOperation.java:56)
	at org.eclipse.m2e.core.ui.internal.wizards.AbstractCreateMavenProjectJob.runInWorkspace(AbstractCreateMavenProjectJob.java:55)
	at org.eclipse.core.internal.resources.InternalWorkspaceJob.run(InternalWorkspaceJob.java:43)
	at org.eclipse.core.internal.jobs.Worker.run(Worker.java:63)
Caused by: java.lang.IllegalStateException: Process exit value was 1. Console printout:
===============================================================
[[1;34mINFO[m] Scanning for projects...
Downloading from : https://repo.maven.apache.org/maven2/org/apache/maven/plugins/maven-metadata.xml
Downloading from : https://repo.maven.apache.org/maven2/org/codehaus/mojo/maven-metadata.xml
Progress (1): 8.2/21 kBProgress (1): 8.2/21 kBProgress (1): 4.2/21 kBProgress (2): 4.2/21 kB | 8.2/14 kBProgress (2): 4.2/21 kB | 6.1/14 kB                                   Downloaded from : https://repo.maven.apache.org/maven2/org/apache/maven/plugins/maven-metadata.xml (14 kB at 22 kB/s)
Downloaded from : https://repo.maven.apache.org/maven2/org/codehaus/mojo/maven-metadata.xml (21 kB at 31 kB/s)
Downloading from : https://repo.maven.apache.org/maven2/org/apache/maven/plugins/maven-archetype-plugin/maven-metadata.xml
Progress (1): 980 B                   Downloaded from : https://repo.maven.apache.org/maven2/org/apache/maven/plugins/maven-archetype-plugin/maven-metadata.xml (980 B at 21 kB/s)
[[1;34mINFO[m] 
[[1;34mINFO[m] [1m------------------< [0;36morg.apache.maven:standalone-pom[0;1m >-------------------[m
[[1;34mINFO[m] [1mBuilding Maven Stub Project (No POM) 1[m
[[1;34mINFO[m] [1m--------------------------------[ pom ]---------------------------------[m
[[1;34mINFO[m] 
[[1;34mINFO[m] [1m>>> [0;32mmaven-archetype-plugin:3.2.1:generate[m [1m(default-cli)[0;1m > [0;1mgenerate-sources[m @ [36mstandalone-pom[0;1m >>>[m
[[1;34mINFO[m] 
[[1;34mINFO[m] [1m<<< [0;32mmaven-archetype-plugin:3.2.1:generate[m [1m(default-cli)[0;1m < [0;1mgenerate-sources[m @ [36mstandalone-pom[0;1m <<<[m
[[1;34mINFO[m] 
[[1;34mINFO[m] 
[[1;34mINFO[m] [1m--- [0;32mmaven-archetype-plugin:3.2.1:generate[m [1m(default-cli)[m @ [36mstandalone-pom[0;1m ---[m
[[1;34mINFO[m] Generating project in Interactive mode
[[1;34mINFO[m] Archetype repository not defined. Using the one from [org.apache.maven.archetypes:maven-archetype-webapp:1.4] found in catalog remote
[[1;34mINFO[m] Using property: groupId = org.jsp
[[1;34mINFO[m] Using property: artifactId = Demo
[[1;34mINFO[m] Using property: version = 0.0.1-SNAPSHOT
[[1;34mINFO[m] Using property: package = org.jsp.Demo
Confirm properties configuration:
groupId: org.jsp
artifactId: Demo
version: 0.0.1-SNAPSHOT
package: org.jsp.Demo
 Y: : [[1;34mINFO[m] ----------------------------------------------------------------------------
[[1;34mINFO[m] Using following parameters for creating project from Archetype: maven-archetype-webapp:1.4
[[1;34mINFO[m] ----------------------------------------------------------------------------
[[1;34mINFO[m] Parameter: groupId, Value: org.jsp
[[1;34mINFO[m] Parameter: artifactId, Value: Demo
[[1;34mINFO[m] Parameter: version, Value: 0.0.1-SNAPSHOT
[[1;34mINFO[m] Parameter: package, Value: org.jsp.Demo
[[1;34mINFO[m] Parameter: packageInPathFormat, Value: org/jsp/Demo
[[1;34mINFO[m] Parameter: package, Value: org.jsp.Demo
[[1;34mINFO[m] Parameter: groupId, Value: org.jsp
[[1;34mINFO[m] Parameter: artifactId, Value: Demo
[[1;34mINFO[m] Parameter: version, Value: 0.0.1-SNAPSHOT
[[1;34mINFO[m] [1m------------------------------------------------------------------------[m
[[1;34mINFO[m] [1;31mBUILD FAILURE[m
[[1;34mINFO[m] [1m------------------------------------------------------------------------[m
[[1;34mINFO[m] Total time:  01:15 min
[[1;34mINFO[m] Finished at: 2023-05-02T09:37:06-07:00
[[1;34mINFO[m] [1m------------------------------------------------------------------------[m
[[1;31mERROR[m] Failed to execute goal [32morg.apache.maven.plugins:maven-archetype-plugin:3.2.1:generate[m [1m(default-cli)[m on project [36mstandalone-pom[m: [1;31mUnable to add module to the current project as it is not of packaging type 'pom'[m -> [1m[Help 1][m
[[1;31mERROR[m] 
[[1;31mERROR[m] To see the full stack trace of the errors, re-run Maven with the [1m-e[m switch.
[[1;31mERROR[m] Re-run Maven using the [1m-X[m switch to enable full debug logging.
[[1;31mERROR[m] 
[[1;31mERROR[m] For more information about the errors and possible solutions, please read the following articles:
[[1;31mERROR[m] [1m[Help 1][m http://cwiki.apache.org/confluence/display/MAVEN/MojoFailureException

"===============================================================
	at org.eclipse.m2e.internal.launch.EclipseMavenLauncher$1.lambda$4(EclipseMavenLauncher.java:120)
	at java.base/java.util.Optional.ifPresent(Optional.java:178)
	at org.eclipse.m2e.internal.launch.EclipseMavenLauncher$1.launchesTerminated(EclipseMavenLauncher.java:107)
	at org.eclipse.debug.internal.core.LaunchManager$LaunchesNotifier.run(LaunchManager.java:305)
	at org.eclipse.core.runtime.SafeRunner.run(SafeRunner.java:45)
	at org.eclipse.debug.internal.core.LaunchManager$LaunchesNotifier.notify(LaunchManager.java:262)
	at org.eclipse.debug.internal.core.LaunchManager.fireUpdate(LaunchManager.java:1057)
	at org.eclipse.debug.core.Launch.fireTerminate(Launch.java:479)
	at org.eclipse.debug.core.Launch.handleDebugEvents(Launch.java:644)
	at org.eclipse.debug.core.DebugPlugin$EventNotifier.run(DebugPlugin.java:1226)
	at org.eclipse.core.runtime.SafeRunner.run(SafeRunner.java:45)
	at org.eclipse.debug.core.DebugPlugin$EventNotifier.dispatch(DebugPlugin.java:1260)
	at org.eclipse.debug.core.DebugPlugin$EventDispatchJob.run(DebugPlugin.java:492)
	... 1 more
!SESSION 2023-05-02 11:28:18.581 -----------------------------------------------
eclipse.buildId=4.27.0.20230309-1200
java.version=17.0.7
java.vendor=Oracle Corporation
BootLoader constants: OS=win32, ARCH=x86_64, WS=win32, NL=en_IN
Framework arguments:  -product org.eclipse.epp.package.java.product
Command-line arguments:  -os win32 -ws win32 -arch x86_64 -product org.eclipse.epp.package.java.product

!ENTRY ch.qos.logback.classic 1 0 2023-05-02 11:28:21.780
!MESSAGE Activated before the state location was initialized. Retry after the state location is initialized.

!ENTRY ch.qos.logback.classic 1 0 2023-05-02 11:28:33.899
!MESSAGE Logback config file: C:\Users\User\eclipse-workspace\Demo\.metadata\.plugins\org.eclipse.m2e.logback\logback.2.1.100.20230106-1511.xml

!ENTRY org.eclipse.jface 2 0 2023-05-02 11:28:38.861
!MESSAGE Keybinding conflicts occurred.  They may interfere with normal accelerator operation.
!SUBENTRY 1 org.eclipse.jface 2 0 2023-05-02 11:28:38.861
!MESSAGE A conflict occurred for CTRL+SHIFT+T:
Binding(CTRL+SHIFT+T,
	ParameterizedCommand(Command(org.eclipse.jdt.ui.navigate.open.type,Open Type,
		Open a type in a Java editor,
		Category(org.eclipse.ui.category.navigate,Navigate,null,true),
		WorkbenchHandlerServiceHandler("org.eclipse.jdt.ui.navigate.open.type"),
		,,true),null),
	org.eclipse.ui.defaultAcceleratorConfiguration,
	org.eclipse.ui.contexts.window,,,system)
Binding(CTRL+SHIFT+T,
	ParameterizedCommand(Command(org.eclipse.lsp4e.symbolinworkspace,Go to Symbol in Workspace,
		,
		Category(org.eclipse.lsp4e.category,Language Servers,null,true),
		WorkbenchHandlerServiceHandler("org.eclipse.lsp4e.symbolinworkspace"),
		,,true),null),
	org.eclipse.ui.defaultAcceleratorConfiguration,
	org.eclipse.ui.contexts.window,,,system)
!SUBENTRY 1 org.eclipse.jface 2 0 2023-05-02 11:28:38.861
!MESSAGE A conflict occurred for ALT+SHIFT+X R:
Binding(ALT+SHIFT+X R,
	ParameterizedCommand(Command(org.eclipse.rap.tools.launch.RAPLaunchShortcut.run,Run RAP Application,
		Run RAP Application,
		Category(org.eclipse.debug.ui.category.run,Run/Debug,Run/Debug command category,true),
		WorkbenchHandlerServiceHandler("org.eclipse.rap.tools.launch.RAPLaunchShortcut.run"),
		,,true),null),
	org.eclipse.ui.defaultAcceleratorConfiguration,
	org.eclipse.ui.contexts.window,,,system)
Binding(ALT+SHIFT+X R,
	ParameterizedCommand(Command(org.eclipse.wst.server.launchShortcut.run,Run on Server,
		Run the current selection on a server,
		Category(org.eclipse.debug.ui.category.run,Run/Debug,Run/Debug command category,true),
		WorkbenchHandlerServiceHandler("org.eclipse.wst.server.launchShortcut.run"),
		,,true),null),
	org.eclipse.ui.defaultAcceleratorConfiguration,
	org.eclipse.ui.contexts.window,,,system)
!SUBENTRY 1 org.eclipse.jface 2 0 2023-05-02 11:28:38.861
!MESSAGE A conflict occurred for ALT+SHIFT+R:
Binding(ALT+SHIFT+R,
	ParameterizedCommand(Command(org.eclipse.jdt.ui.edit.text.java.rename.element,Rename - Refactoring ,
		Rename the selected element,
		Category(org.eclipse.jdt.ui.category.refactoring,Refactor - Java,Java Refactoring Actions,true),
		WorkbenchHandlerServiceHandler("org.eclipse.jdt.ui.edit.text.java.rename.element"),
		,,true),null),
	org.eclipse.ui.defaultAcceleratorConfiguration,
	org.eclipse.ui.contexts.window,,,system)
Binding(ALT+SHIFT+R,
	ParameterizedCommand(Command(org.eclipse.ui.edit.rename,Rename,
		Rename the selected item,
		Category(org.eclipse.ui.category.file,File,null,true),
		WorkbenchHandlerServiceHandler("org.eclipse.ui.edit.rename"),
		,,true),null),
	org.eclipse.ui.defaultAcceleratorConfiguration,
	org.eclipse.ui.contexts.window,,,system)
!SUBENTRY 1 org.eclipse.jface 2 0 2023-05-02 11:28:38.861
!MESSAGE A conflict occurred for ALT+SHIFT+D R:
Binding(ALT+SHIFT+D R,
	ParameterizedCommand(Command(org.eclipse.rap.tools.launch.RAPLaunchShortcut.debug,Debug RAP Application,
		Debug RAP Application,
		Category(org.eclipse.debug.ui.category.run,Run/Debug,Run/Debug command category,true),
		WorkbenchHandlerServiceHandler("org.eclipse.rap.tools.launch.RAPLaunchShortcut.debug"),
		,,true),null),
	org.eclipse.ui.defaultAcceleratorConfiguration,
	org.eclipse.ui.contexts.window,,,system)
Binding(ALT+SHIFT+D R,
	ParameterizedCommand(Command(org.eclipse.wst.server.launchShortcut.debug,Debug on Server,
		Debug the current selection on a server,
		Category(org.eclipse.debug.ui.category.run,Run/Debug,Run/Debug command category,true),
		WorkbenchHandlerServiceHandler("org.eclipse.wst.server.launchShortcut.debug"),
		,,true),null),
	org.eclipse.ui.defaultAcceleratorConfiguration,
	org.eclipse.ui.contexts.window,,,system)

!ENTRY org.eclipse.egit.ui 2 0 2023-05-02 11:28:44.203
!MESSAGE Warning: The environment variable HOME is not set. The following directory will be used to store the Git
user global configuration and to define the default location to store repositories: 'C:\Users\User'. If this is
not correct please set the HOME environment variable and restart Eclipse. Otherwise Git for Windows and
EGit might behave differently since they see different configuration options.
This warning can be switched off on the Team > Git > Confirmations and Warnings preference page.

!ENTRY org.eclipse.m2e.core.ui 4 0 2023-05-02 11:30:17.425
!MESSAGE Failed to create project.
!STACK 0
java.util.concurrent.ExecutionException: java.lang.IllegalStateException: Process exit value was 1. Console printout:
===============================================================
[[1;34mINFO[m] Scanning for projects...
Downloading from : https://repo.maven.apache.org/maven2/org/apache/maven/plugins/maven-metadata.xml
Downloading from : https://repo.maven.apache.org/maven2/org/codehaus/mojo/maven-metadata.xml
Progress (1): 8.0/21 kBProgress (1): 2.9/21 kBProgress (1): 2.9/21 kBProgress (2): 2.9/21 kB | 0.7/14 kBProgress (2): 2.1/21 kB | 0.7/14 kBProgress (2): 2.1/21 kB | 1.4/14 kBProgress (2): 2.1/21 kB | 1.4/14 kBProgress (2): 2.1/21 kB | 1.4/14 kBProgress (2): 2.1/21 kB | 1.4/14 kBProgress (2): 2.1/21 kB | 1.4/14 kBProgress (2): 2.1/21 kB | 1.4/14 kBProgress (2): 2.1/21 kB | 1.4/14 kBProgress (2): 2.1/21 kB | 1.4/14 kBProgress (2): 2.1/21 kB | 1.4/14 kBProgress (2): 2.1/21 kB | 0.7/14 kBProgress (2): 4.8/21 kB | 0.7/14 kB                                   Downloaded from : https://repo.maven.apache.org/maven2/org/apache/maven/plugins/maven-metadata.xml (14 kB at 15 kB/s)
Downloaded from : https://repo.maven.apache.org/maven2/org/codehaus/mojo/maven-metadata.xml (21 kB at 20 kB/s)
Downloading from : https://repo.maven.apache.org/maven2/org/apache/maven/plugins/maven-archetype-plugin/maven-metadata.xml
Progress (1): 980 B                   Downloaded from : https://repo.maven.apache.org/maven2/org/apache/maven/plugins/maven-archetype-plugin/maven-metadata.xml (980 B at 12 kB/s)
[[1;34mINFO[m] 
[[1;34mINFO[m] [1m------------------< [0;36morg.apache.maven:standalone-pom[0;1m >-------------------[m
[[1;34mINFO[m] [1mBuilding Maven Stub Project (No POM) 1[m
[[1;34mINFO[m] [1m--------------------------------[ pom ]---------------------------------[m
[[1;34mINFO[m] 
[[1;34mINFO[m] [1m>>> [0;32mmaven-archetype-plugin:3.2.1:generate[m [1m(default-cli)[0;1m > [0;1mgenerate-sources[m @ [36mstandalone-pom[0;1m >>>[m
[[1;34mINFO[m] 
[[1;34mINFO[m] [1m<<< [0;32mmaven-archetype-plugin:3.2.1:generate[m [1m(default-cli)[0;1m < [0;1mgenerate-sources[m @ [36mstandalone-pom[0;1m <<<[m
[[1;34mINFO[m] 
[[1;34mINFO[m] 
[[1;34mINFO[m] [1m--- [0;32mmaven-archetype-plugin:3.2.1:generate[m [1m(default-cli)[m @ [36mstandalone-pom[0;1m ---[m
[[1;34mINFO[m] Generating project in Interactive mode
[[1;34mINFO[m] Archetype repository not defined. Using the one from [org.apache.maven.archetypes:maven-archetype-webapp:1.4] found in catalog remote
[[1;34mINFO[m] Using property: groupId = org.jsp
[[1;34mINFO[m] Using property: artifactId = Demo2
[[1;34mINFO[m] Using property: version = 0.0.1-SNAPSHOT
[[1;34mINFO[m] Using property: package = org.jsp.Demo2
Confirm properties configuration:
groupId: org.jsp
artifactId: Demo2
version: 0.0.1-SNAPSHOT
package: org.jsp.Demo2
 Y: : [[1;34mINFO[m] ----------------------------------------------------------------------------
[[1;34mINFO[m] Using following parameters for creating project from Archetype: maven-archetype-webapp:1.4
[[1;34mINFO[m] ----------------------------------------------------------------------------
[[1;34mINFO[m] Parameter: groupId, Value: org.jsp
[[1;34mINFO[m] Parameter: artifactId, Value: Demo2
[[1;34mINFO[m] Parameter: version, Value: 0.0.1-SNAPSHOT
[[1;34mINFO[m] Parameter: package, Value: org.jsp.Demo2
[[1;34mINFO[m] Parameter: packageInPathFormat, Value: org/jsp/Demo2
[[1;34mINFO[m] Parameter: package, Value: org.jsp.Demo2
[[1;34mINFO[m] Parameter: groupId, Value: org.jsp
[[1;34mINFO[m] Parameter: artifactId, Value: Demo2
[[1;34mINFO[m] Parameter: version, Value: 0.0.1-SNAPSHOT
[[1;34mINFO[m] [1m------------------------------------------------------------------------[m
[[1;34mINFO[m] [1;31mBUILD FAILURE[m
[[1;34mINFO[m] [1m------------------------------------------------------------------------[m
[[1;34mINFO[m] Total time:  19.182 s
[[1;34mINFO[m] Finished at: 2023-05-02T11:30:16-07:00
[[1;34mINFO[m] [1m------------------------------------------------------------------------[m
[[1;31mERROR[m] Failed to execute goal [32morg.apache.maven.plugins:maven-archetype-plugin:3.2.1:generate[m [1m(default-cli)[m on project [36mstandalone-pom[m: [1;31mUnable to add module to the current project as it is not of packaging type 'pom'[m -> [1m[Help 1][m
[[1;31mERROR[m] 
[[1;31mERROR[m] To see the full stack trace of the errors, re-run Maven with the [1m-e[m switch.
[[1;31mERROR[m] Re-run Maven using the [1m-X[m switch to enable full debug logging.
[[1;31mERROR[m] 
[[1;31mERROR[m] For more information about the errors and possible solutions, please read the following articles:
[[1;31mERROR[m] [1m[Help 1][m http://cwiki.apache.org/confluence/display/MAVEN/MojoFailureException

"===============================================================
	at java.base/java.util.concurrent.CompletableFuture.reportGet(CompletableFuture.java:396)
	at java.base/java.util.concurrent.CompletableFuture.get(CompletableFuture.java:2073)
	at org.eclipse.m2e.core.ui.internal.archetype.ArchetypeGenerator.createArchetypeProjects(ArchetypeGenerator.java:164)
	at org.eclipse.m2e.core.ui.internal.wizards.MavenProjectWizard$3.doCreateMavenProjects(MavenProjectWizard.java:246)
	at org.eclipse.m2e.core.ui.internal.wizards.AbstractCreateMavenProjectJob$1.doCreateMavenProjects(AbstractCreateMavenProjectJob.java:51)
	at org.eclipse.m2e.core.ui.internal.wizards.AbstractCreateMavenProjectsOperation.run(AbstractCreateMavenProjectsOperation.java:56)
	at org.eclipse.m2e.core.ui.internal.wizards.AbstractCreateMavenProjectJob.runInWorkspace(AbstractCreateMavenProjectJob.java:55)
	at org.eclipse.core.internal.resources.InternalWorkspaceJob.run(InternalWorkspaceJob.java:43)
	at org.eclipse.core.internal.jobs.Worker.run(Worker.java:63)
Caused by: java.lang.IllegalStateException: Process exit value was 1. Console printout:
===============================================================
[[1;34mINFO[m] Scanning for projects...
Downloading from : https://repo.maven.apache.org/maven2/org/apache/maven/plugins/maven-metadata.xml
Downloading from : https://repo.maven.apache.org/maven2/org/codehaus/mojo/maven-metadata.xml
Progress (1): 8.0/21 kBProgress (1): 2.9/21 kBProgress (1): 2.9/21 kBProgress (2): 2.9/21 kB | 0.7/14 kBProgress (2): 2.1/21 kB | 0.7/14 kBProgress (2): 2.1/21 kB | 1.4/14 kBProgress (2): 2.1/21 kB | 1.4/14 kBProgress (2): 2.1/21 kB | 1.4/14 kBProgress (2): 2.1/21 kB | 1.4/14 kBProgress (2): 2.1/21 kB | 1.4/14 kBProgress (2): 2.1/21 kB | 1.4/14 kBProgress (2): 2.1/21 kB | 1.4/14 kBProgress (2): 2.1/21 kB | 1.4/14 kBProgress (2): 2.1/21 kB | 1.4/14 kBProgress (2): 2.1/21 kB | 0.7/14 kBProgress (2): 4.8/21 kB | 0.7/14 kB                                   Downloaded from : https://repo.maven.apache.org/maven2/org/apache/maven/plugins/maven-metadata.xml (14 kB at 15 kB/s)
Downloaded from : https://repo.maven.apache.org/maven2/org/codehaus/mojo/maven-metadata.xml (21 kB at 20 kB/s)
Downloading from : https://repo.maven.apache.org/maven2/org/apache/maven/plugins/maven-archetype-plugin/maven-metadata.xml
Progress (1): 980 B                   Downloaded from : https://repo.maven.apache.org/maven2/org/apache/maven/plugins/maven-archetype-plugin/maven-metadata.xml (980 B at 12 kB/s)
[[1;34mINFO[m] 
[[1;34mINFO[m] [1m------------------< [0;36morg.apache.maven:standalone-pom[0;1m >-------------------[m
[[1;34mINFO[m] [1mBuilding Maven Stub Project (No POM) 1[m
[[1;34mINFO[m] [1m--------------------------------[ pom ]---------------------------------[m
[[1;34mINFO[m] 
[[1;34mINFO[m] [1m>>> [0;32mmaven-archetype-plugin:3.2.1:generate[m [1m(default-cli)[0;1m > [0;1mgenerate-sources[m @ [36mstandalone-pom[0;1m >>>[m
[[1;34mINFO[m] 
[[1;34mINFO[m] [1m<<< [0;32mmaven-archetype-plugin:3.2.1:generate[m [1m(default-cli)[0;1m < [0;1mgenerate-sources[m @ [36mstandalone-pom[0;1m <<<[m
[[1;34mINFO[m] 
[[1;34mINFO[m] 
[[1;34mINFO[m] [1m--- [0;32mmaven-archetype-plugin:3.2.1:generate[m [1m(default-cli)[m @ [36mstandalone-pom[0;1m ---[m
[[1;34mINFO[m] Generating project in Interactive mode
[[1;34mINFO[m] Archetype repository not defined. Using the one from [org.apache.maven.archetypes:maven-archetype-webapp:1.4] found in catalog remote
[[1;34mINFO[m] Using property: groupId = org.jsp
[[1;34mINFO[m] Using property: artifactId = Demo2
[[1;34mINFO[m] Using property: version = 0.0.1-SNAPSHOT
[[1;34mINFO[m] Using property: package = org.jsp.Demo2
Confirm properties configuration:
groupId: org.jsp
artifactId: Demo2
version: 0.0.1-SNAPSHOT
package: org.jsp.Demo2
 Y: : [[1;34mINFO[m] ----------------------------------------------------------------------------
[[1;34mINFO[m] Using following parameters for creating project from Archetype: maven-archetype-webapp:1.4
[[1;34mINFO[m] ----------------------------------------------------------------------------
[[1;34mINFO[m] Parameter: groupId, Value: org.jsp
[[1;34mINFO[m] Parameter: artifactId, Value: Demo2
[[1;34mINFO[m] Parameter: version, Value: 0.0.1-SNAPSHOT
[[1;34mINFO[m] Parameter: package, Value: org.jsp.Demo2
[[1;34mINFO[m] Parameter: packageInPathFormat, Value: org/jsp/Demo2
[[1;34mINFO[m] Parameter: package, Value: org.jsp.Demo2
[[1;34mINFO[m] Parameter: groupId, Value: org.jsp
[[1;34mINFO[m] Parameter: artifactId, Value: Demo2
[[1;34mINFO[m] Parameter: version, Value: 0.0.1-SNAPSHOT
[[1;34mINFO[m] [1m------------------------------------------------------------------------[m
[[1;34mINFO[m] [1;31mBUILD FAILURE[m
[[1;34mINFO[m] [1m------------------------------------------------------------------------[m
[[1;34mINFO[m] Total time:  19.182 s
[[1;34mINFO[m] Finished at: 2023-05-02T11:30:16-07:00
[[1;34mINFO[m] [1m------------------------------------------------------------------------[m
[[1;31mERROR[m] Failed to execute goal [32morg.apache.maven.plugins:maven-archetype-plugin:3.2.1:generate[m [1m(default-cli)[m on project [36mstandalone-pom[m: [1;31mUnable to add module to the current project as it is not of packaging type 'pom'[m -> [1m[Help 1][m
[[1;31mERROR[m] 
[[1;31mERROR[m] To see the full stack trace of the errors, re-run Maven with the [1m-e[m switch.
[[1;31mERROR[m] Re-run Maven using the [1m-X[m switch to enable full debug logging.
[[1;31mERROR[m] 
[[1;31mERROR[m] For more information about the errors and possible solutions, please read the following articles:
[[1;31mERROR[m] [1m[Help 1][m http://cwiki.apache.org/confluence/display/MAVEN/MojoFailureException

"===============================================================
	at org.eclipse.m2e.internal.launch.EclipseMavenLauncher$1.lambda$4(EclipseMavenLauncher.java:120)
	at java.base/java.util.Optional.ifPresent(Optional.java:178)
	at org.eclipse.m2e.internal.launch.EclipseMavenLauncher$1.launchesTerminated(EclipseMavenLauncher.java:107)
	at org.eclipse.debug.internal.core.LaunchManager$LaunchesNotifier.run(LaunchManager.java:305)
	at org.eclipse.core.runtime.SafeRunner.run(SafeRunner.java:45)
	at org.eclipse.debug.internal.core.LaunchManager$LaunchesNotifier.notify(LaunchManager.java:262)
	at org.eclipse.debug.internal.core.LaunchManager.fireUpdate(LaunchManager.java:1057)
	at org.eclipse.debug.core.Launch.fireTerminate(Launch.java:479)
	at org.eclipse.debug.core.Launch.handleDebugEvents(Launch.java:644)
	at org.eclipse.debug.core.DebugPlugin$EventNotifier.run(DebugPlugin.java:1226)
	at org.eclipse.core.runtime.SafeRunner.run(SafeRunner.java:45)
	at org.eclipse.debug.core.DebugPlugin$EventNotifier.dispatch(DebugPlugin.java:1260)
	at org.eclipse.debug.core.DebugPlugin$EventDispatchJob.run(DebugPlugin.java:492)
	... 1 more
